{"/Users/damienbidaud/Documents/migrationPrisma/index.ts": {"path":"/Users/damienbidaud/Documents/migrationPrisma/index.ts","statementMap":{"0":{"start":{"line":1,"column":0},"end":{"line":1,"column":45}},"1":{"start":{"line":2,"column":0},"end":{"line":2,"column":46}},"2":{"start":{"line":3,"column":0},"end":{"line":3,"column":37}},"3":{"start":{"line":4,"column":0},"end":{"line":4,"column":37}},"4":{"start":{"line":5,"column":0},"end":{"line":5,"column":43}},"5":{"start":{"line":6,"column":0},"end":{"line":6,"column":36}},"6":{"start":{"line":8,"column":0},"end":{"line":8,"column":35}},"7":{"start":{"line":10,"column":15},"end":{"line":16,"column":2}},"8":{"start":{"line":13,"column":17},"end":{"line":15,"column":null}},"9":{"start":{"line":19,"column":0},"end":{"line":21,"column":3}},"10":{"start":{"line":19,"column":27},"end":{"line":19,"column":29}},"11":{"start":{"line":20,"column":2},"end":{"line":20,"column":44}}},"fnMap":{"0":{"name":"(anonymous_1)","decl":{"start":{"line":13,"column":11},"end":{"line":13,"column":17}},"loc":{"start":{"line":13,"column":11},"end":{"line":13,"column":18}}},"1":{"name":"(anonymous_2)","decl":{"start":{"line":19,"column":21},"end":{"line":19,"column":22}},"loc":{"start":{"line":19,"column":29},"end":{"line":21,"column":1}}}},"branchMap":{},"s":{"0":0,"1":0,"2":0,"3":0,"4":0,"5":0,"6":0,"7":0,"8":0,"9":0,"10":0,"11":0},"f":{"0":0,"1":0},"b":{}}
,"/Users/damienbidaud/Documents/migrationPrisma/resolvers/index.ts": {"path":"/Users/damienbidaud/Documents/migrationPrisma/resolvers/index.ts","statementMap":{"0":{"start":{"line":1,"column":0},"end":{"line":1,"column":28}},"1":{"start":{"line":2,"column":0},"end":{"line":2,"column":34}},"2":{"start":{"line":4,"column":0},"end":{"line":7,"column":2}}},"fnMap":{},"branchMap":{},"s":{"0":1,"1":1,"2":1},"f":{},"b":{}}
,"/Users/damienbidaud/Documents/migrationPrisma/resolvers/mutation.ts": {"path":"/Users/damienbidaud/Documents/migrationPrisma/resolvers/mutation.ts","statementMap":{"0":{"start":{"line":1,"column":0},"end":{"line":1,"column":36}},"1":{"start":{"line":2,"column":0},"end":{"line":2,"column":41}},"2":{"start":{"line":5,"column":15},"end":{"line":29,"column":2}},"3":{"start":{"line":8,"column":18},"end":{"line":29,"column":2}},"4":{"start":{"line":10,"column":19},"end":{"line":10,"column":null}},"5":{"start":{"line":10,"column":8},"end":{"line":10,"column":null}},"6":{"start":{"line":11,"column":17},"end":{"line":16,"column":null}},"7":{"start":{"line":11,"column":8},"end":{"line":16,"column":null}},"8":{"start":{"line":18,"column":8},"end":{"line":23,"column":4}},"9":{"start":{"line":25,"column":2},"end":{"line":28,"column":4}},"10":{"start":{"line":31,"column":14},"end":{"line":61,"column":2}},"11":{"start":{"line":31,"column":91},"end":{"line":61,"column":2}},"12":{"start":{"line":32,"column":17},"end":{"line":38,"column":null}},"13":{"start":{"line":32,"column":8},"end":{"line":38,"column":null}},"14":{"start":{"line":40,"column":2},"end":{"line":42,"column":null}},"15":{"start":{"line":41,"column":4},"end":{"line":41,"column":63}},"16":{"start":{"line":44,"column":16},"end":{"line":44,"column":null}},"17":{"start":{"line":44,"column":8},"end":{"line":44,"column":null}},"18":{"start":{"line":46,"column":2},"end":{"line":48,"column":null}},"19":{"start":{"line":47,"column":4},"end":{"line":47,"column":50}},"20":{"start":{"line":50,"column":8},"end":{"line":55,"column":4}},"21":{"start":{"line":57,"column":2},"end":{"line":60,"column":4}},"22":{"start":{"line":63,"column":0},"end":{"line":63,"column":33}}},"fnMap":{"0":{"name":"(anonymous_15)","decl":{"start":{"line":5,"column":15},"end":{"line":5,"column":null}},"loc":{"start":{"line":8,"column":18},"end":{"line":29,"column":2}}},"1":{"name":"(anonymous_16)","decl":{"start":{"line":8,"column":18},"end":{"line":8,"column":null}},"loc":{"start":{"line":8,"column":18},"end":{"line":29,"column":2}}},"2":{"name":"(anonymous_18)","decl":{"start":{"line":31,"column":14},"end":{"line":31,"column":21}},"loc":{"start":{"line":31,"column":91},"end":{"line":61,"column":2}}},"3":{"name":"(anonymous_19)","decl":{"start":{"line":31,"column":91},"end":{"line":31,"column":null}},"loc":{"start":{"line":31,"column":91},"end":{"line":61,"column":2}}}},"branchMap":{"0":{"loc":{"start":{"line":10,"column":19},"end":{"line":10,"column":null}},"type":"switch","locations":[{"start":{"line":10,"column":19},"end":{"line":10,"column":null}}]},"1":{"loc":{"start":{"line":32,"column":17},"end":{"line":38,"column":null}},"type":"switch","locations":[{"start":{"line":32,"column":17},"end":{"line":38,"column":null}}]},"2":{"loc":{"start":{"line":40,"column":2},"end":{"line":42,"column":null}},"type":"if","locations":[{"start":{"line":40,"column":2},"end":{"line":42,"column":null}},{"start":{"line":40,"column":2},"end":{"line":42,"column":null}}]},"3":{"loc":{"start":{"line":46,"column":2},"end":{"line":48,"column":null}},"type":"if","locations":[{"start":{"line":46,"column":2},"end":{"line":48,"column":null}},{"start":{"line":46,"column":2},"end":{"line":48,"column":null}}]}},"s":{"0":2,"1":2,"2":2,"3":1,"4":1,"5":1,"6":1,"7":1,"8":1,"9":1,"10":2,"11":0,"12":0,"13":0,"14":0,"15":0,"16":0,"17":0,"18":0,"19":0,"20":0,"21":0,"22":2},"f":{"0":1,"1":1,"2":0,"3":0},"b":{"0":[1],"1":[0],"2":[0,0],"3":[0,0]}}
,"/Users/damienbidaud/Documents/migrationPrisma/resolvers/query.ts": {"path":"/Users/damienbidaud/Documents/migrationPrisma/resolvers/query.ts","statementMap":{"0":{"start":{"line":2,"column":0},"end":{"line":2,"column":38}},"1":{"start":{"line":3,"column":0},"end":{"line":3,"column":48}},"2":{"start":{"line":8,"column":21},"end":{"line":21,"column":1}},"3":{"start":{"line":9,"column":20},"end":{"line":9,"column":25}},"4":{"start":{"line":10,"column":2},"end":{"line":20,"column":null}},"5":{"start":{"line":11,"column":20},"end":{"line":11,"column":null}},"6":{"start":{"line":15,"column":4},"end":{"line":15,"column":28}},"7":{"start":{"line":17,"column":4},"end":{"line":17,"column":23}},"8":{"start":{"line":19,"column":4},"end":{"line":19,"column":16}},"9":{"start":{"line":23,"column":13},"end":{"line":37,"column":2}},"10":{"start":{"line":26,"column":18},"end":{"line":37,"column":2}},"11":{"start":{"line":29,"column":21},"end":{"line":31,"column":null}},"12":{"start":{"line":29,"column":10},"end":{"line":31,"column":null}},"13":{"start":{"line":32,"column":4},"end":{"line":32,"column":20}},"14":{"start":{"line":34,"column":4},"end":{"line":34,"column":25}},"15":{"start":{"line":39,"column":15},"end":{"line":50,"column":2}},"16":{"start":{"line":39,"column":71},"end":{"line":50,"column":2}},"17":{"start":{"line":40,"column":8},"end":{"line":40,"column":50}},"18":{"start":{"line":41,"column":6},"end":{"line":41,"column":14}},"19":{"start":{"line":42,"column":11},"end":{"line":46,"column":7}},"20":{"start":{"line":42,"column":4},"end":{"line":46,"column":7}},"21":{"start":{"line":49,"column":2},"end":{"line":49,"column":14}},"22":{"start":{"line":52,"column":17},"end":{"line":53,"column":13}},"23":{"start":{"line":53,"column":2},"end":{"line":53,"column":54}},"24":{"start":{"line":55,"column":18},"end":{"line":57,"column":1}},"25":{"start":{"line":56,"column":4},"end":{"line":56,"column":46}},"26":{"start":{"line":59,"column":0},"end":{"line":65,"column":2}}},"fnMap":{"0":{"name":"(anonymous_13)","decl":{"start":{"line":8,"column":21},"end":{"line":8,"column":22}},"loc":{"start":{"line":8,"column":71},"end":{"line":21,"column":1}}},"1":{"name":"(anonymous_14)","decl":{"start":{"line":23,"column":13},"end":{"line":23,"column":null}},"loc":{"start":{"line":26,"column":18},"end":{"line":37,"column":2}}},"2":{"name":"(anonymous_15)","decl":{"start":{"line":26,"column":18},"end":{"line":26,"column":null}},"loc":{"start":{"line":26,"column":18},"end":{"line":37,"column":2}}},"3":{"name":"(anonymous_17)","decl":{"start":{"line":39,"column":15},"end":{"line":39,"column":22}},"loc":{"start":{"line":39,"column":71},"end":{"line":50,"column":2}}},"4":{"name":"(anonymous_18)","decl":{"start":{"line":39,"column":71},"end":{"line":39,"column":null}},"loc":{"start":{"line":39,"column":71},"end":{"line":50,"column":2}}},"5":{"name":"(anonymous_20)","decl":{"start":{"line":52,"column":17},"end":{"line":52,"column":18}},"loc":{"start":{"line":52,"column":70},"end":{"line":53,"column":13}}},"6":{"name":"(anonymous_21)","decl":{"start":{"line":55,"column":18},"end":{"line":55,"column":19}},"loc":{"start":{"line":55,"column":57},"end":{"line":57,"column":1}}}},"branchMap":{"0":{"loc":{"start":{"line":42,"column":4},"end":{"line":46,"column":7}},"type":"switch","locations":[{"start":{"line":42,"column":4},"end":{"line":46,"column":7}},{"start":{"line":49,"column":2},"end":{"line":49,"column":14}}]},"1":{"loc":{"start":{"line":41,"column":6},"end":{"line":41,"column":14}},"type":"if","locations":[{"start":{"line":41,"column":6},"end":{"line":41,"column":14}},{"start":{"line":41,"column":6},"end":{"line":41,"column":14}}]}},"s":{"0":2,"1":2,"2":2,"3":2,"4":2,"5":2,"6":1,"7":1,"8":1,"9":2,"10":2,"11":2,"12":2,"13":1,"14":1,"15":2,"16":2,"17":2,"18":3,"19":1,"20":1,"21":1,"22":2,"23":0,"24":2,"25":0,"26":2},"f":{"0":2,"1":2,"2":2,"3":2,"4":2,"5":0,"6":0},"b":{"0":[1,1],"1":[1,1]}}
,"/Users/damienbidaud/Documents/migrationPrisma/typeDefs/mutation.ts": {"path":"/Users/damienbidaud/Documents/migrationPrisma/typeDefs/mutation.ts","statementMap":{"0":{"start":{"line":1,"column":0},"end":{"line":1,"column":36}},"1":{"start":{"line":3,"column":0},"end":{"line":8,"column":2}}},"fnMap":{},"branchMap":{"0":{"loc":{"start":{"line":3,"column":18},"end":{"line":3,"column":null}},"type":"binary-expr","locations":[{"start":{"line":3,"column":18},"end":{"line":3,"column":null}},{"start":{"line":3,"column":18},"end":{"line":8,"column":2}}]}},"s":{"0":1,"1":1},"f":{},"b":{"0":[1,1]}}
,"/Users/damienbidaud/Documents/migrationPrisma/typeDefs/query.ts": {"path":"/Users/damienbidaud/Documents/migrationPrisma/typeDefs/query.ts","statementMap":{"0":{"start":{"line":1,"column":0},"end":{"line":1,"column":36}},"1":{"start":{"line":3,"column":0},"end":{"line":11,"column":2}}},"fnMap":{},"branchMap":{"0":{"loc":{"start":{"line":3,"column":18},"end":{"line":3,"column":null}},"type":"binary-expr","locations":[{"start":{"line":3,"column":18},"end":{"line":3,"column":null}},{"start":{"line":3,"column":18},"end":{"line":11,"column":2}}]}},"s":{"0":1,"1":1},"f":{},"b":{"0":[1,1]}}
,"/Users/damienbidaud/Documents/migrationPrisma/typeDefs/types.ts": {"path":"/Users/damienbidaud/Documents/migrationPrisma/typeDefs/types.ts","statementMap":{"0":{"start":{"line":1,"column":0},"end":{"line":1,"column":36}},"1":{"start":{"line":3,"column":0},"end":{"line":56,"column":2}}},"fnMap":{},"branchMap":{"0":{"loc":{"start":{"line":3,"column":18},"end":{"line":3,"column":null}},"type":"binary-expr","locations":[{"start":{"line":3,"column":18},"end":{"line":3,"column":null}},{"start":{"line":3,"column":18},"end":{"line":56,"column":2}}]}},"s":{"0":1,"1":1},"f":{},"b":{"0":[1,1]}}
,"/Users/damienbidaud/Documents/migrationPrisma/utils/activity.ts": {"path":"/Users/damienbidaud/Documents/migrationPrisma/utils/activity.ts","statementMap":{"0":{"start":{"line":3,"column":13},"end":{"line":8,"column":5}},"1":{"start":{"line":3,"column":62},"end":{"line":8,"column":5}},"2":{"start":{"line":4,"column":2},"end":{"line":8,"column":5}}},"fnMap":{"0":{"name":"(anonymous_13)","decl":{"start":{"line":3,"column":27},"end":{"line":3,"column":34}},"loc":{"start":{"line":3,"column":62},"end":{"line":8,"column":5}}},"1":{"name":"(anonymous_14)","decl":{"start":{"line":3,"column":62},"end":{"line":3,"column":null}},"loc":{"start":{"line":3,"column":62},"end":{"line":8,"column":5}}}},"branchMap":{"0":{"loc":{"start":{"line":4,"column":2},"end":{"line":8,"column":5}},"type":"switch","locations":[{"start":{"line":4,"column":2},"end":{"line":8,"column":5}},{"start":{"line":4,"column":2},"end":{"line":8,"column":5}}]}},"s":{"0":4,"1":1,"2":2},"f":{"0":1,"1":1},"b":{"0":[1,1]}}
,"/Users/damienbidaud/Documents/migrationPrisma/utils/index.ts": {"path":"/Users/damienbidaud/Documents/migrationPrisma/utils/index.ts","statementMap":{"0":{"start":{"line":1,"column":0},"end":{"line":1,"column":39}},"1":{"start":{"line":2,"column":0},"end":{"line":2,"column":39}},"2":{"start":{"line":3,"column":0},"end":{"line":3,"column":31}},"3":{"start":{"line":5,"column":0},"end":{"line":8,"column":null}}},"fnMap":{},"branchMap":{},"s":{"0":1,"1":1,"2":1,"3":1},"f":{},"b":{}}
,"/Users/damienbidaud/Documents/migrationPrisma/utils/location.ts": {"path":"/Users/damienbidaud/Documents/migrationPrisma/utils/location.ts","statementMap":{"0":{"start":{"line":4,"column":13},"end":{"line":13,"column":5}},"1":{"start":{"line":6,"column":45},"end":{"line":13,"column":5}},"2":{"start":{"line":8,"column":2},"end":{"line":13,"column":5}},"3":{"start":{"line":15,"column":13},"end":{"line":18,"column":5}},"4":{"start":{"line":15,"column":70},"end":{"line":18,"column":5}},"5":{"start":{"line":16,"column":2},"end":{"line":18,"column":5}}},"fnMap":{"0":{"name":"(anonymous_13)","decl":{"start":{"line":4,"column":28},"end":{"line":4,"column":null}},"loc":{"start":{"line":6,"column":45},"end":{"line":13,"column":5}}},"1":{"name":"(anonymous_14)","decl":{"start":{"line":6,"column":45},"end":{"line":6,"column":null}},"loc":{"start":{"line":6,"column":45},"end":{"line":13,"column":5}}},"2":{"name":"(anonymous_16)","decl":{"start":{"line":15,"column":27},"end":{"line":15,"column":34}},"loc":{"start":{"line":15,"column":70},"end":{"line":18,"column":5}}},"3":{"name":"(anonymous_17)","decl":{"start":{"line":15,"column":70},"end":{"line":15,"column":null}},"loc":{"start":{"line":15,"column":70},"end":{"line":18,"column":5}}}},"branchMap":{"0":{"loc":{"start":{"line":8,"column":2},"end":{"line":13,"column":5}},"type":"switch","locations":[{"start":{"line":8,"column":2},"end":{"line":13,"column":5}},{"start":{"line":8,"column":2},"end":{"line":13,"column":5}}]},"1":{"loc":{"start":{"line":16,"column":2},"end":{"line":18,"column":5}},"type":"switch","locations":[{"start":{"line":16,"column":2},"end":{"line":18,"column":5}},{"start":{"line":16,"column":2},"end":{"line":18,"column":5}}]}},"s":{"0":2,"1":1,"2":2,"3":2,"4":1,"5":2},"f":{"0":1,"1":1,"2":1,"3":1},"b":{"0":[1,1],"1":[1,1]}}
,"/Users/damienbidaud/Documents/migrationPrisma/utils/trip.ts": {"path":"/Users/damienbidaud/Documents/migrationPrisma/utils/trip.ts","statementMap":{"0":{"start":{"line":3,"column":13},"end":{"line":8,"column":5}},"1":{"start":{"line":3,"column":58},"end":{"line":8,"column":5}},"2":{"start":{"line":4,"column":2},"end":{"line":8,"column":5}}},"fnMap":{"0":{"name":"(anonymous_13)","decl":{"start":{"line":3,"column":23},"end":{"line":3,"column":30}},"loc":{"start":{"line":3,"column":58},"end":{"line":8,"column":5}}},"1":{"name":"(anonymous_14)","decl":{"start":{"line":3,"column":58},"end":{"line":3,"column":null}},"loc":{"start":{"line":3,"column":58},"end":{"line":8,"column":5}}}},"branchMap":{"0":{"loc":{"start":{"line":4,"column":2},"end":{"line":8,"column":5}},"type":"switch","locations":[{"start":{"line":4,"column":2},"end":{"line":8,"column":5}},{"start":{"line":4,"column":2},"end":{"line":8,"column":5}}]}},"s":{"0":2,"1":1,"2":2},"f":{"0":1,"1":1},"b":{"0":[1,1]}}
}
