TN:
SF:index.ts
FN:13,(anonymous_1)
FN:19,(anonymous_2)
FNF:2
FNH:0
FNDA:0,(anonymous_1)
FNDA:0,(anonymous_2)
DA:1,0
DA:2,0
DA:3,0
DA:4,0
DA:5,0
DA:6,0
DA:8,0
DA:10,0
DA:13,0
DA:19,0
DA:20,0
LF:11
LH:0
BRF:0
BRH:0
end_of_record
TN:
SF:resolvers/index.ts
FNF:0
FNH:0
DA:1,1
DA:2,1
DA:4,1
LF:3
LH:3
BRF:0
BRH:0
end_of_record
TN:
SF:resolvers/mutation.ts
FN:5,(anonymous_15)
FN:8,(anonymous_16)
FN:31,(anonymous_18)
FN:31,(anonymous_19)
FNF:4
FNH:2
FNDA:1,(anonymous_15)
FNDA:1,(anonymous_16)
FNDA:0,(anonymous_18)
FNDA:0,(anonymous_19)
DA:1,2
DA:2,2
DA:5,2
DA:8,1
DA:10,1
DA:11,1
DA:18,1
DA:25,1
DA:31,2
DA:32,0
DA:40,0
DA:41,0
DA:44,0
DA:46,0
DA:47,0
DA:50,0
DA:57,0
DA:63,2
LF:18
LH:10
BRDA:10,0,0,1
BRDA:32,1,0,0
BRDA:40,2,0,0
BRDA:40,2,1,0
BRDA:46,3,0,0
BRDA:46,3,1,0
BRF:6
BRH:1
end_of_record
TN:
SF:resolvers/query.ts
FN:8,(anonymous_13)
FN:23,(anonymous_14)
FN:26,(anonymous_15)
FN:39,(anonymous_17)
FN:39,(anonymous_18)
FN:52,(anonymous_20)
FN:55,(anonymous_21)
FNF:7
FNH:5
FNDA:2,(anonymous_13)
FNDA:2,(anonymous_14)
FNDA:2,(anonymous_15)
FNDA:2,(anonymous_17)
FNDA:2,(anonymous_18)
FNDA:0,(anonymous_20)
FNDA:0,(anonymous_21)
DA:2,2
DA:3,2
DA:8,2
DA:9,2
DA:10,2
DA:11,2
DA:15,1
DA:17,1
DA:19,1
DA:23,2
DA:26,2
DA:29,2
DA:32,1
DA:34,1
DA:39,2
DA:40,2
DA:41,3
DA:42,1
DA:49,1
DA:52,2
DA:53,0
DA:55,2
DA:56,0
DA:59,2
LF:24
LH:22
BRDA:42,0,0,1
BRDA:42,0,1,1
BRDA:41,1,0,1
BRDA:41,1,1,1
BRF:4
BRH:4
end_of_record
TN:
SF:typeDefs/mutation.ts
FNF:0
FNH:0
DA:1,1
DA:3,1
LF:2
LH:2
BRDA:3,0,0,1
BRDA:3,0,1,1
BRF:2
BRH:2
end_of_record
TN:
SF:typeDefs/query.ts
FNF:0
FNH:0
DA:1,1
DA:3,1
LF:2
LH:2
BRDA:3,0,0,1
BRDA:3,0,1,1
BRF:2
BRH:2
end_of_record
TN:
SF:typeDefs/types.ts
FNF:0
FNH:0
DA:1,1
DA:3,1
LF:2
LH:2
BRDA:3,0,0,1
BRDA:3,0,1,1
BRF:2
BRH:2
end_of_record
TN:
SF:utils/activity.ts
FN:3,(anonymous_13)
FN:3,(anonymous_14)
FNF:2
FNH:2
FNDA:1,(anonymous_13)
FNDA:1,(anonymous_14)
DA:3,4
DA:4,2
LF:2
LH:2
BRDA:4,0,0,1
BRDA:4,0,1,1
BRF:2
BRH:2
end_of_record
TN:
SF:utils/index.ts
FNF:0
FNH:0
DA:1,1
DA:2,1
DA:3,1
DA:5,1
LF:4
LH:4
BRF:0
BRH:0
end_of_record
TN:
SF:utils/location.ts
FN:4,(anonymous_13)
FN:6,(anonymous_14)
FN:15,(anonymous_16)
FN:15,(anonymous_17)
FNF:4
FNH:4
FNDA:1,(anonymous_13)
FNDA:1,(anonymous_14)
FNDA:1,(anonymous_16)
FNDA:1,(anonymous_17)
DA:4,2
DA:6,1
DA:8,2
DA:15,2
DA:16,2
LF:5
LH:5
BRDA:8,0,0,1
BRDA:8,0,1,1
BRDA:16,1,0,1
BRDA:16,1,1,1
BRF:4
BRH:4
end_of_record
TN:
SF:utils/trip.ts
FN:3,(anonymous_13)
FN:3,(anonymous_14)
FNF:2
FNH:2
FNDA:1,(anonymous_13)
FNDA:1,(anonymous_14)
DA:3,2
DA:4,2
LF:2
LH:2
BRDA:4,0,0,1
BRDA:4,0,1,1
BRF:2
BRH:2
end_of_record
